# JRE version: OpenJDK Runtime Environment (11.0.10) (build 11.0.10+0-b96-7249189)
# Java VM: OpenJDK 64-Bit Server VM (11.0.10+0-b96-7249189, mixed mode, tiered, compressed oops, g1 gc, windows-amd64)
Heap:
 garbage-first heap   total 187392K, used 53866K [0x0000000080000000, 0x0000000100000000)
  region size 1024K, 5 young (5120K), 5 survivors (5120K)
 Metaspace       used 69495K, capacity 71176K, committed 71296K, reserved 1112064K
  class space    used 9006K, capacity 9617K, committed 9676K, reserved 1048576K
GC Heap History (20 events):
Event: 1.267 GC heap after
{Heap after GC invocations=2 (full 0):
 garbage-first heap   total 129024K, used 9802K [0x0000000080000000, 0x0000000100000000)
  region size 1024K, 1 young (1024K), 1 survivors (1024K)
 Metaspace       used 11095K, capacity 11382K, committed 11520K, reserved 1058816K
  class space    used 1164K, capacity 1243K, committed 1280K, reserved 1048576K
}
Event: 2.915 GC heap before
{Heap before GC invocations=2 (full 0):
 garbage-first heap   total 129024K, used 54858K [0x0000000080000000, 0x0000000100000000)
  region size 1024K, 45 young (46080K), 1 survivors (1024K)
 Metaspace       used 15305K, capacity 15724K, committed 16000K, reserved 1062912K
  class space    used 1743K, capacity 1862K, committed 1920K, reserved 1048576K
}
Event: 2.922 GC heap after
{Heap after GC invocations=3 (full 0):
 garbage-first heap   total 129024K, used 15145K [0x0000000080000000, 0x0000000100000000)
  region size 1024K, 6 young (6144K), 6 survivors (6144K)
 Metaspace       used 15305K, capacity 15724K, committed 16000K, reserved 1062912K
  class space    used 1743K, capacity 1862K, committed 1920K, reserved 1048576K
}
Event: 3.750 GC heap before
{Heap before GC invocations=3 (full 0):
 garbage-first heap   total 129024K, used 52009K [0x0000000080000000, 0x0000000100000000)
  region size 1024K, 43 young (44032K), 6 survivors (6144K)
 Metaspace       used 20576K, capacity 21096K, committed 21248K, reserved 1067008K
  class space    used 2507K, capacity 2690K, committed 2816K, reserved 1048576K
}
Event: 3.761 GC heap after
{Heap after GC invocations=4 (full 0):
 garbage-first heap   total 129024K, used 17028K [0x0000000080000000, 0x0000000100000000)
  region size 1024K, 2 young (2048K), 2 survivors (2048K)
 Metaspace       used 20576K, capacity 21096K, committed 21248K, reserved 1067008K
  class space    used 2507K, capacity 2690K, committed 2816K, reserved 1048576K
}
Event: 4.513 GC heap before
{Heap before GC invocations=5 (full 0):
 garbage-first heap   total 129024K, used 70276K [0x0000000080000000, 0x0000000100000000)
  region size 1024K, 54 young (55296K), 2 survivors (2048K)
 Metaspace       used 26005K, capacity 26655K, committed 26752K, reserved 1073152K
  class space    used 3401K, capacity 3633K, committed 3712K, reserved 1048576K
}
Event: 4.518 GC heap after
{Heap after GC invocations=6 (full 0):
 garbage-first heap   total 129024K, used 18793K [0x0000000080000000, 0x0000000100000000)
  region size 1024K, 4 young (4096K), 4 survivors (4096K)
 Metaspace       used 26005K, capacity 26655K, committed 26752K, reserved 1073152K
  class space    used 3401K, capacity 3633K, committed 3712K, reserved 1048576K
}
Event: 5.662 GC heap before
{Heap before GC invocations=6 (full 0):
 garbage-first heap   total 129024K, used 74089K [0x0000000080000000, 0x0000000100000000)
  region size 1024K, 59 young (60416K), 4 survivors (4096K)
 Metaspace       used 35049K, capacity 35830K, committed 35840K, reserved 1081344K
  class space    used 4543K, capacity 4864K, committed 4864K, reserved 1048576K
}
Event: 5.675 GC heap after
{Heap after GC invocations=7 (full 0):
 garbage-first heap   total 129024K, used 22178K [0x0000000080000000, 0x0000000100000000)
  region size 1024K, 7 young (7168K), 7 survivors (7168K)
 Metaspace       used 35049K, capacity 35830K, committed 35840K, reserved 1081344K
  class space    used 4543K, capacity 4864K, committed 4864K, reserved 1048576K
}
Event: 6.575 GC heap before
{Heap before GC invocations=8 (full 0):
 garbage-first heap   total 129024K, used 86690K [0x0000000080000000, 0x0000000100000000)
  region size 1024K, 67 young (68608K), 7 survivors (7168K)
 Metaspace       used 40425K, capacity 41410K, committed 41548K, reserved 1085440K
  class space    used 5229K, capacity 5583K, committed 5708K, reserved 1048576K
}
Event: 6.587 GC heap after
{Heap after GC invocations=9 (full 0):
 garbage-first heap   total 129024K, used 26641K [0x0000000080000000, 0x0000000100000000)
  region size 1024K, 8 young (8192K), 8 survivors (8192K)
 Metaspace       used 40425K, capacity 41410K, committed 41548K, reserved 1085440K
  class space    used 5229K, capacity 5583K, committed 5708K, reserved 1048576K
}
Event: 7.501 GC heap before
{Heap before GC invocations=9 (full 0):
 garbage-first heap   total 129024K, used 88081K [0x0000000080000000, 0x0000000100000000)
  region size 1024K, 68 young (69632K), 8 survivors (8192K)
 Metaspace       used 45209K, capacity 46357K, committed 46412K, reserved 1089536K
  class space    used 5808K, capacity 6189K, committed 6220K, reserved 1048576K
}
Event: 7.513 GC heap after
{Heap after GC invocations=10 (full 0):
 garbage-first heap   total 155648K, used 28798K [0x0000000080000000, 0x0000000100000000)
  region size 1024K, 7 young (7168K), 7 survivors (7168K)
 Metaspace       used 45209K, capacity 46357K, committed 46412K, reserved 1089536K
  class space    used 5808K, capacity 6189K, committed 6220K, reserved 1048576K
}
Event: 9.331 GC heap before
{Heap before GC invocations=10 (full 0):
 garbage-first heap   total 155648K, used 102526K [0x0000000080000000, 0x0000000100000000)
  region size 1024K, 76 young (77824K), 7 survivors (7168K)
 Metaspace       used 49847K, capacity 51212K, committed 51532K, reserved 1093632K
  class space    used 6362K, capacity 6854K, committed 6988K, reserved 1048576K
}
Event: 9.343 GC heap after
{Heap after GC invocations=11 (full 0):
 garbage-first heap   total 155648K, used 41113K [0x0000000080000000, 0x0000000100000000)
  region size 1024K, 10 young (10240K), 10 survivors (10240K)
 Metaspace       used 49847K, capacity 51212K, committed 51532K, reserved 1093632K
  class space    used 6362K, capacity 6854K, committed 6988K, reserved 1048576K
}
Event: 10.851 GC heap before
{Heap before GC invocations=11 (full 0):
 garbage-first heap   total 155648K, used 96409K [0x0000000080000000, 0x0000000100000000)
  region size 1024K, 65 young (66560K), 10 survivors (10240K)
 Metaspace       used 58567K, capacity 60118K, committed 60288K, reserved 1101824K
  class space    used 7433K, capacity 8027K, committed 8140K, reserved 1048576K
}
Event: 10.873 GC heap after
{Heap after GC invocations=12 (full 0):
 garbage-first heap   total 155648K, used 44982K [0x0000000080000000, 0x0000000100000000)
  region size 1024K, 4 young (4096K), 4 survivors (4096K)
 Metaspace       used 58567K, capacity 60118K, committed 60288K, reserved 1101824K
  class space    used 7433K, capacity 8027K, committed 8140K, reserved 1048576K
}
Event: 11.861 GC heap before
{Heap before GC invocations=13 (full 0):
 garbage-first heap   total 155648K, used 109494K [0x0000000080000000, 0x0000000100000000)
  region size 1024K, 67 young (68608K), 4 survivors (4096K)
 Metaspace       used 63345K, capacity 65051K, committed 65280K, reserved 1105920K
  class space    used 8063K, capacity 8698K, committed 8780K, reserved 1048576K
}
Event: 11.882 GC heap after
{Heap after GC invocations=14 (full 0):
 garbage-first heap   total 155648K, used 49639K [0x0000000080000000, 0x0000000100000000)
  region size 1024K, 9 young (9216K), 9 survivors (9216K)
 Metaspace       used 63345K, capacity 65051K, committed 65280K, reserved 1105920K
  class space    used 8063K, capacity 8698K, committed 8780K, reserved 1048576K
}
Event: 13.401 GC heap before
{Heap before GC invocations=15 (full 0):
 garbage-first heap   total 155648K, used 113127K [0x0000000080000000, 0x0000000100000000)
  region size 1024K, 71 young (72704K), 9 survivors (9216K)
 Metaspace       used 69495K, capacity 71176K, committed 71296K, reserved 1112064K
  class space    used 9006K, capacity 9617K, committed 9676K, reserved 1048576K
}

